
> wsbot@1.0.0 start
> node dist/app.js

✅ Base de datos conectada
✅ Base de datos inicializada
✅ Base de datos inicializada correctamente
🚀 Bot iniciado con todas las funcionalidades:
📱 Bot: Flows tradicionales + consulta directa por número
🎛️  Panel RRHH: http://localhost:3001/admin
📊 Logs: http://localhost:3001/logs/payslips
🔧 Estado: http://localhost:3001/status
🛜  HTTP Server ON 
[POST]: http://localhost:3001/message
[POST]: http://localhost:3001/sendMessages
[POST]: http://localhost:3001/stop
[POST]: http://localhost:3001/sendBulkPayslips
[POST]: http://localhost:3001/admin/manual-bulk-send
[POST]: http://localhost:3001/admin/enable-latest-month
[POST]: http://localhost:3001/admin/disable-current-month
[GET]: http://localhost:3001/status
[GET]: http://localhost:3001/logs/payslips
[GET]: http://localhost:3001/logs/bulk-messages
[GET]: http://localhost:3001/admin/dashboard
[GET]: http://localhost:3001/

Error enviando mensaje a Gabriel Queso: Error: Timed Out
    at /Users/user/Desktop/RRHH-MINOIL/wsbot 2/node_modules/@builderbot/provider-baileys/node_modules/@whiskeysockets/baileys/lib/Utils/generics.js:145:32 {
  data: {
    stack: 'Error\n' +
      '    at promiseTimeout (/Users/user/Desktop/RRHH-MINOIL/wsbot 2/node_modules/@builderbot/provider-baileys/node_modules/@whiskeysockets/baileys/lib/Utils/generics.js:140:19)\n' +
      '    at waitForMessage (/Users/user/Desktop/RRHH-MINOIL/wsbot 2/node_modules/@builderbot/provider-baileys/node_modules/@whiskeysockets/baileys/lib/Socket/socket.js:119:53)\n' +
      '    at query (/Users/user/Desktop/RRHH-MINOIL/wsbot 2/node_modules/@builderbot/provider-baileys/node_modules/@whiskeysockets/baileys/lib/Socket/socket.js:141:22)\n' +
      '    at /Users/user/Desktop/RRHH-MINOIL/wsbot 2/node_modules/@builderbot/provider-baileys/node_modules/@whiskeysockets/baileys/lib/Socket/messages-send.js:28:38\n' +
      '    at refreshMediaConn (/Users/user/Desktop/RRHH-MINOIL/wsbot 2/node_modules/@builderbot/provider-baileys/node_modules/@whiskeysockets/baileys/lib/Socket/messages-send.js:49:15)\n' +
      '    at process.processTicksAndRejections (node:internal/process/task_queues:95:5)\n' +
      '    at async Object.upload (/Users/user/Desktop/RRHH-MINOIL/wsbot 2/node_modules/@builderbot/provider-baileys/node_modules/@whiskeysockets/baileys/lib/Utils/messages-media.js:532:26)\n' +
      '    at async /Users/user/Desktop/RRHH-MINOIL/wsbot 2/node_modules/@builderbot/provider-baileys/node_modules/@whiskeysockets/baileys/lib/Utils/messages.js:122:28\n' +
      '    at async Promise.all (index 0)\n' +
      '    at async prepareWAMessageMedia (/Users/user/Desktop/RRHH-MINOIL/wsbot 2/node_modules/@builderbot/provider-baileys/node_modules/@whiskeysockets/baileys/lib/Utils/messages.js:120:40)'
  },
  isBoom: true,
  isServer: false,
  output: {
    statusCode: 408,
    payload: {
      statusCode: 408,
      error: 'Request Time-out',
      message: 'Timed Out'
    },
    headers: {}
  }
}
