[23/09/2025, 01:34:31 p. m.] ✅ MENSAJE_MASIVO_ENVIADO | Empleado: Gabriel Queso | Teléfono: 59177711124
[23/09/2025, 01:34:59 p. m.] ✅ MENSAJE_MASIVO_ENVIADO | Empleado: Gabriel Queso | Teléfono: 59177711124
[23/09/2025, 01:36:51 p. m.] ✅ MENSAJE_MASIVO_ENVIADO | Empleado: Gabriel Queso | Teléfono: 59177711124
[23/09/2025, 01:45:48 p. m.] ❌ MENSAJE_MASIVO_ERROR | Empleado: Gabriel Queso | Teléfono: 59177711124 | Error: Timed Out
[23/09/2025, 05:33:59 p. m.] ✅ MENSAJE_MASIVO_ENVIADO | Empleado: Gabriel Queso | Teléfono: 59177711124
[23/09/2025, 05:34:35 p. m.] ✅ MENSAJE_MASIVO_ENVIADO | Empleado: Gabriel Queso | Teléfono: 59177711124
[23/09/2025, 05:53:01 p. m.] ✅ MENSAJE_MASIVO_ENVIADO | Empleado: Gabriel Queso | Teléfono: 59177711124
[23/09/2025, 05:54:35 p. m.] ✅ MENSAJE_MASIVO_ENVIADO | Empleado: Gabriel Queso | Teléfono: 59177711124
[23/09/2025, 05:58:38 p. m.] ✅ MENSAJE_MASIVO_ENVIADO | Empleado: Gabriel Queso | Teléfono: 59177711124
[23/09/2025, 06:05:31 p. m.] ✅ MENSAJE_MASIVO_ENVIADO | Empleado: Gabriel Queso | Teléfono: 59177711124
[23/09/2025, 06:07:39 p. m.] ✅ MENSAJE_MASIVO_ENVIADO | Empleado: Gabriel Queso | Teléfono: 59177711124
[23/09/2025, 06:08:16 p. m.] ✅ MENSAJE_MASIVO_ENVIADO | Empleado: Gabriel Queso | Teléfono: 59177711124
[23/09/2025, 06:08:24 p. m.] ✅ MENSAJE_MASIVO_ENVIADO | Empleado: Gabriel Queso | Teléfono: 59177711124
[23/09/2025, 06:24:03 p. m.] ✅ MENSAJE_MASIVO_ENVIADO | Empleado: Jesus Marca | Teléfono: 59177711124
[23/09/2025, 06:24:06 p. m.] ✅ MENSAJE_MASIVO_ENVIADO | Empleado: Marcos Ramos | Teléfono: 59177711124
[23/09/2025, 06:24:08 p. m.] ✅ MENSAJE_MASIVO_ENVIADO | Empleado: Juan Herrera | Teléfono: 59177711124
[23/09/2025, 06:24:11 p. m.] ✅ MENSAJE_MASIVO_ENVIADO | Empleado: Sergio Soto | Teléfono: 59177711124
[23/09/2025, 06:24:14 p. m.] ✅ MENSAJE_MASIVO_ENVIADO | Empleado: Jose Solares | Teléfono: 59177711124
[23/09/2025, 06:24:16 p. m.] ✅ MENSAJE_MASIVO_ENVIADO | Empleado: Jose Miranda | Teléfono: 59177711124
[23/09/2025, 06:24:19 p. m.] ✅ MENSAJE_MASIVO_ENVIADO | Empleado: Salomon Huanca | Teléfono: 59177711124
[23/09/2025, 06:24:22 p. m.] ✅ MENSAJE_MASIVO_ENVIADO | Empleado: Juan Acarapi | Teléfono: 59177711124
[23/09/2025, 06:24:24 p. m.] ✅ MENSAJE_MASIVO_ENVIADO | Empleado: River Alvarez | Teléfono: 59177711124
[23/09/2025, 06:24:27 p. m.] ✅ MENSAJE_MASIVO_ENVIADO | Empleado: Marco Arispe | Teléfono: 59177711124
[23/09/2025, 06:24:29 p. m.] ✅ MENSAJE_MASIVO_ENVIADO | Empleado: Raquel Balderrama | Teléfono: 59177711124
[23/09/2025, 06:24:32 p. m.] ✅ MENSAJE_MASIVO_ENVIADO | Empleado: Juan Caceres | Teléfono: 59177711124
[23/09/2025, 06:24:34 p. m.] ✅ MENSAJE_MASIVO_ENVIADO | Empleado: Melvin Canaviri | Teléfono: 59177711124
[23/09/2025, 06:24:37 p. m.] ✅ MENSAJE_MASIVO_ENVIADO | Empleado: Bernardo Carvajal | Teléfono: 59177711124
[23/09/2025, 06:24:40 p. m.] ✅ MENSAJE_MASIVO_ENVIADO | Empleado: Ronaldo Sillerico | Teléfono: 59177711124
[23/09/2025, 06:24:42 p. m.] ✅ MENSAJE_MASIVO_ENVIADO | Empleado: Javier Carvajal | Teléfono: 59177711124
[23/09/2025, 06:24:45 p. m.] ✅ MENSAJE_MASIVO_ENVIADO | Empleado: Ronald Chavez | Teléfono: 59177711124
[23/09/2025, 06:24:48 p. m.] ✅ MENSAJE_MASIVO_ENVIADO | Empleado: Jose Condori | Teléfono: 59177711124
