{"level":"info","message":"Iniciando auto-limpieza de archivos temporales cada 30 minutos","metadata":{"timestamp":"2025-10-13 16:53:11"}}
{"level":"info","message":"WhatsApp conectado exitosamente","metadata":{"timestamp":"2025-10-13 16:53:21"}}
{"level":"info","message":"Configuración de vacaciones leída","metadata":{"programmedEnabled":true,"timestamp":"2025-10-13 16:53:23"}}
{"level":"info","message":"Configuración de vacaciones leída","metadata":{"programmedEnabled":true,"timestamp":"2025-10-13 16:53:24"}}
{"level":"info","message":"Configuración de vacaciones guardada","metadata":{"programmedEnabled":false,"timestamp":"2025-10-13 16:53:24","updatedBy":"Admin Dashboard"}}
{"level":"info","message":"Configuración de vacaciones leída","metadata":{"programmedEnabled":false,"timestamp":"2025-10-13 16:53:25"}}
{"level":"info","message":"Configuración de vacaciones guardada","metadata":{"programmedEnabled":true,"timestamp":"2025-10-13 16:53:25","updatedBy":"Admin Dashboard"}}
{"level":"info","message":"Configuración de vacaciones leída","metadata":{"programmedEnabled":true,"timestamp":"2025-10-13 16:53:25"}}
{"level":"info","message":"Configuración de vacaciones guardada","metadata":{"programmedEnabled":false,"timestamp":"2025-10-13 16:53:25","updatedBy":"Admin Dashboard"}}
{"level":"info","message":"Configuración de vacaciones leída","metadata":{"programmedEnabled":false,"timestamp":"2025-10-13 16:53:28"}}
{"level":"info","message":"Configuración de vacaciones leída","metadata":{"programmedEnabled":false,"timestamp":"2025-10-13 16:53:43"}}
{"level":"info","message":"Configuración de vacaciones leída","metadata":{"programmedEnabled":false,"timestamp":"2025-10-13 16:54:16"}}
{"level":"info","message":"Configuración de vacaciones leída","metadata":{"programmedEnabled":false,"timestamp":"2025-10-13 16:54:18"}}
{"level":"info","message":"Configuración de vacaciones guardada","metadata":{"programmedEnabled":true,"timestamp":"2025-10-13 16:54:18","updatedBy":"Admin Dashboard"}}
{"level":"info","message":"Configuración de vacaciones leída","metadata":{"programmedEnabled":true,"timestamp":"2025-10-13 16:54:26"}}
{"level":"info","message":"Configuración de vacaciones leída","metadata":{"programmedEnabled":true,"timestamp":"2025-10-13 16:55:02"}}
{"level":"info","message":"Configuración de vacaciones leída","metadata":{"programmedEnabled":true,"timestamp":"2025-10-13 16:55:39"}}
{"level":"info","message":"Configuración de vacaciones leída","metadata":{"programmedEnabled":true,"timestamp":"2025-10-13 16:55:43"}}
{"level":"info","message":"Configuración de vacaciones leída","metadata":{"programmedEnabled":true,"timestamp":"2025-10-13 16:55:52"}}
{"level":"info","message":"Configuración de vacaciones guardada","metadata":{"programmedEnabled":false,"timestamp":"2025-10-13 16:55:52","updatedBy":"test"}}
{"level":"info","message":"Configuración de vacaciones leída","metadata":{"programmedEnabled":false,"timestamp":"2025-10-13 16:55:54"}}
{"level":"info","message":"Usuario seleccionando opción de menú","metadata":{"flow":"menu","option":"1","phone":"59177711124","timestamp":"2025-10-13 16:56:08"}}
{"level":"info","message":"Usuario seleccionando mes","metadata":{"flow":"getMonths","input":"1","phone":"59177711124","timestamp":"2025-10-13 16:56:11"}}
{"level":"info","message":"Descargando boleta para usuario","metadata":{"flow":"getMonths","month":"202509","phone":"59177711124","timestamp":"2025-10-13 16:56:11"}}
{"level":"info","message":"Enviando PDF al usuario","metadata":{"fileName":"SEPTIEMBRE 2025.pdf","phone":"59177711124","timestamp":"2025-10-13 16:56:14"}}
{"level":"info","message":"Boleta enviada exitosamente","metadata":{"month":"202509","phone":"59177711124","timestamp":"2025-10-13 16:56:15"}}
{"level":"info","message":"Usuario seleccionando opción de menú","metadata":{"flow":"menu","option":"2","phone":"59177711124","timestamp":"2025-10-13 16:56:20"}}
{"level":"info","message":"Usuario solicitando vacaciones","metadata":{"flow":"vacationRequest","phone":"59177711124","timestamp":"2025-10-13 16:56:20"}}
{"level":"info","message":"URL de vacaciones generada","metadata":{"encodedPhone":"Nzc3MTExMjQ=","phone":"59177711124","phoneNumber":"77711124","timestamp":"2025-10-13 16:56:20","urlLength":50}}
{"level":"info","message":"Link de vacaciones enviado exitosamente","metadata":{"phone":"59177711124","timestamp":"2025-10-13 16:56:20"}}
{"level":"info","message":"Configuración de vacaciones leída","metadata":{"programmedEnabled":false,"timestamp":"2025-10-13 16:56:27"}}
{"level":"info","message":"Configuración de vacaciones leída","metadata":{"programmedEnabled":false,"timestamp":"2025-10-13 16:57:08"}}
{"level":"info","message":"Configuración de vacaciones leída","metadata":{"programmedEnabled":false,"timestamp":"2025-10-13 16:57:25"}}
{"level":"info","message":"Configuración de vacaciones leída","metadata":{"programmedEnabled":false,"timestamp":"2025-10-13 17:00:09"}}
{"level":"info","message":"Configuración de vacaciones leída","metadata":{"programmedEnabled":false,"timestamp":"2025-10-13 17:09:19"}}
{"level":"info","message":"Configuración de vacaciones leída","metadata":{"programmedEnabled":false,"timestamp":"2025-10-13 17:09:19"}}
{"level":"info","message":"Configuración de vacaciones leída","metadata":{"programmedEnabled":false,"timestamp":"2025-10-13 17:11:42"}}
{"level":"info","message":"Configuración de vacaciones leída","metadata":{"programmedEnabled":false,"timestamp":"2025-10-13 17:11:42"}}
{"level":"info","message":"Configuración de vacaciones leída","metadata":{"programmedEnabled":false,"timestamp":"2025-10-13 17:13:07"}}
{"level":"info","message":"Configuración de vacaciones leída","metadata":{"programmedEnabled":false,"timestamp":"2025-10-13 17:13:20"}}
{"level":"info","message":"Configuración de vacaciones leída","metadata":{"programmedEnabled":false,"timestamp":"2025-10-13 17:15:27"}}
{"level":"info","message":"Configuración de vacaciones leída","metadata":{"programmedEnabled":false,"timestamp":"2025-10-13 17:16:49"}}
{"level":"info","message":"Configuración de vacaciones leída","metadata":{"programmedEnabled":false,"timestamp":"2025-10-13 17:23:45"}}
{"level":"info","message":"Configuración de vacaciones guardada","metadata":{"programmedEnabled":true,"timestamp":"2025-10-13 17:23:45","updatedBy":"Admin Dashboard"}}
{"level":"info","message":"Configuración de vacaciones leída","metadata":{"programmedEnabled":true,"timestamp":"2025-10-13 17:23:53"}}
{"level":"info","message":"Configuración de vacaciones leída","metadata":{"programmedEnabled":true,"timestamp":"2025-10-13 17:32:02"}}
{"level":"info","message":"Configuración de vacaciones leída","metadata":{"programmedEnabled":true,"timestamp":"2025-10-13 17:46:44"}}
{"level":"info","message":"Configuración de vacaciones leída","metadata":{"programmedEnabled":true,"timestamp":"2025-10-14 09:13:53"}}
{"level":"info","message":"Configuración de vacaciones leída","metadata":{"programmedEnabled":true,"timestamp":"2025-10-14 09:13:56"}}
{"level":"info","message":"Iniciando auto-limpieza de archivos temporales cada 30 minutos","metadata":{"timestamp":"2025-10-14 09:14:40"}}
{"level":"info","message":"Iniciando auto-limpieza de archivos temporales cada 30 minutos","metadata":{"timestamp":"2025-10-14 09:15:07"}}
{"level":"info","message":"Configuración de vacaciones leída","metadata":{"programmedEnabled":true,"timestamp":"2025-10-14 09:15:35"}}
{"level":"info","message":"Iniciando auto-limpieza de archivos temporales cada 30 minutos","metadata":{"timestamp":"2025-10-14 11:49:26"}}
{"level":"info","message":"WhatsApp conectado exitosamente","metadata":{"timestamp":"2025-10-14 11:49:36"}}
{"level":"info","message":"Iniciando auto-limpieza de archivos temporales cada 30 minutos","metadata":{"timestamp":"2025-10-14 11:50:40"}}
{"level":"info","message":"WhatsApp conectado exitosamente","metadata":{"timestamp":"2025-10-14 11:50:50"}}
{"level":"info","message":"Iniciando auto-limpieza de archivos temporales cada 30 minutos","metadata":{"timestamp":"2025-10-14 12:09:08"}}
{"level":"info","message":"WhatsApp conectado exitosamente","metadata":{"timestamp":"2025-10-14 12:09:18"}}
{"level":"info","message":"Iniciando auto-limpieza de archivos temporales cada 30 minutos","metadata":{"timestamp":"2025-10-14 12:09:56"}}
{"level":"info","message":"WhatsApp conectado exitosamente","metadata":{"timestamp":"2025-10-14 12:10:06"}}
{"level":"info","message":"Iniciando auto-limpieza de archivos temporales cada 30 minutos","metadata":{"timestamp":"2025-10-14 12:20:35"}}
{"level":"info","message":"WhatsApp conectado exitosamente","metadata":{"timestamp":"2025-10-14 12:20:45"}}
{"level":"info","message":"Iniciando auto-limpieza de archivos temporales cada 30 minutos","metadata":{"timestamp":"2025-10-14 12:23:29"}}
{"level":"info","message":"WhatsApp conectado exitosamente","metadata":{"timestamp":"2025-10-14 12:23:39"}}
{"level":"info","message":"Iniciando auto-limpieza de archivos temporales cada 30 minutos","metadata":{"timestamp":"2025-10-14 12:27:41"}}
{"level":"info","message":"WhatsApp conectado exitosamente","metadata":{"timestamp":"2025-10-14 12:27:51"}}
{"level":"info","message":"Iniciando auto-limpieza de archivos temporales cada 30 minutos","metadata":{"timestamp":"2025-10-14 12:28:13"}}
{"level":"info","message":"WhatsApp conectado exitosamente","metadata":{"timestamp":"2025-10-14 12:28:23"}}
{"level":"info","message":"Iniciando auto-limpieza de archivos temporales cada 30 minutos","metadata":{"timestamp":"2025-10-14 12:31:20"}}
{"level":"info","message":"Iniciando auto-limpieza de archivos temporales cada 30 minutos","metadata":{"timestamp":"2025-10-14 14:20:11"}}
{"level":"info","message":"WhatsApp conectado exitosamente","metadata":{"timestamp":"2025-10-14 14:20:21"}}
{"level":"info","message":"Iniciando auto-limpieza de archivos temporales cada 30 minutos","metadata":{"timestamp":"2025-10-14 14:25:26"}}
{"level":"info","message":"WhatsApp conectado exitosamente","metadata":{"timestamp":"2025-10-14 14:25:36"}}
{"level":"info","message":"Iniciando auto-limpieza de archivos temporales cada 30 minutos","metadata":{"timestamp":"2025-10-14 14:29:21"}}
{"level":"info","message":"WhatsApp conectado exitosamente","metadata":{"timestamp":"2025-10-14 14:29:31"}}
{"level":"info","message":"Iniciando auto-limpieza de archivos temporales cada 30 minutos","metadata":{"timestamp":"2025-10-14 14:33:13"}}
{"level":"info","message":"Iniciando auto-limpieza de archivos temporales cada 30 minutos","metadata":{"timestamp":"2025-10-14 14:33:20"}}
{"level":"info","message":"WhatsApp conectado exitosamente","metadata":{"timestamp":"2025-10-14 14:33:30"}}
